<?xml version="1.0" encoding="UTF-8" ?>
<testsuite errors="0" failures="0" hostname="UKCP1027" name="my.coding.challenge.test.BinaryAdditionTest" tests="5" time="0.109" timestamp="2016-04-15T10:41:04">
  <properties>
    <property name="org.osgi.framework.executionenvironment" value="OSGi/Minimum-1.0,OSGi/Minimum-1.1,OSGi/Minimum-1.2,JRE-1.1,J2SE-1.2,J2SE-1.3,J2SE-1.4,J2SE-1.5,JavaSE-1.6" />
    <property name="osgi.framework" value="file:/c:/Program Files (x86)/Eclipse/plugins/org.eclipse.osgi_3.9.1.v20130814-1242.jar" />
    <property name="java.home" value="C:\Program Files\IBM\WMBT700\jdk\jre" />
    <property name="eclipse.application" value="org.eclipse.ui.ide.workbench" />
    <property name="test.src.dir" value="src/test/java" />
    <property name="org.eclipse.debug.ui.breakpoints.toggleFactoriesUsed" value="false" />
    <property name="java.endorsed.dirs" value="C:\Program Files\IBM\WMBT700\jdk\jre\lib\endorsed" />
    <property name="osgi.bundlestore" value="\\mfil\proddfs\AppSense\Profiles\Users\richardm\.eclipse\org.eclipse.platform_4.3.0_1416090908_win32_win32_x86\configuration\org.eclipse.osgi\bundles" />
    <property name="java.assistive" value="ON" />
    <property name="java.fullversion" value="J2RE 1.6.0 IBM J9 2.4 Windows Vista x86-32 jvmwi3260sr5ifx-20090821_41076 (JIT enabled, AOT enabled)&#xa;J9VM - 20090821_041076_lHdSMr&#xa;JIT  - r9_20090518_2017&#xa;GC   - 20090417_AA" />
    <property name="http.proxySet" value="true" />
    <property name="java.vendor.url" value="http://www.ibm.com/" />
    <property name="java.version" value="1.6.0" />
    <property name="eclipse.pdebuild.home" value="/C:/Program Files (x86)/Eclipse/plugins/org.eclipse.pde.build_3.8.100.v20130514-1028/./" />
    <property name="osgi.requiredJavaVersion" value="1.6" />
    <property name="osgi.os" value="win32" />
    <property name="org.eclipse.equinox.simpleconfigurator.configUrl" value="file:org.eclipse.equinox.simpleconfigurator/bundles.info" />
    <property name="org.osgi.framework.uuid" value="008e0065-caff-0015-1ff8-e84b9009a0c3" />
    <property name="com.ibm.oti.shared.enabled" value="false" />
    <property name="osgi.splashPath" value="platform:/base/plugins/org.eclipse.platform" />
    <property name="com.ibm.oti.vm.library.version" value="24" />
    <property name="org.eclipse.debug.ui.debugViewToolbarVisible" value="false" />
    <property name="os.encoding" value="UTF8" />
    <property name="ant.project.invoked-targets" value="test" />
    <property name="user.name" value="richardm" />
    <property name="org.osgi.framework.version" value="1.7.0" />
    <property name="sun.io.unicode.encoding" value="UnicodeLittle" />
    <property name="org.osgi.framework.system.packages" value="javax.accessibility,javax.activation,javax.activity,javax.annotation,javax.annotation.processing,javax.crypto,javax.crypto.interfaces,javax.crypto.spec,javax.imageio,javax.imageio.event,javax.imageio.metadata,javax.imageio.plugins.bmp,javax.imageio.plugins.jpeg,javax.imageio.spi,javax.imageio.stream,javax.jws,javax.jws.soap,javax.lang.model,javax.lang.model.element,javax.lang.model.type,javax.lang.model.util,javax.management,javax.management.loading,javax.management.modelmbean,javax.management.monitor,javax.management.openmbean,javax.management.relation,javax.management.remote,javax.management.remote.rmi,javax.management.timer,javax.naming,javax.naming.directory,javax.naming.event,javax.naming.ldap,javax.naming.spi,javax.net,javax.net.ssl,javax.print,javax.print.attribute,javax.print.attribute.standard,javax.print.event,javax.rmi,javax.rmi.CORBA,javax.rmi.ssl,javax.script,javax.security.auth,javax.security.auth.callback,javax.security.auth.kerberos,javax.security.auth.login,javax.security.auth.spi,javax.security.auth.x500,javax.security.cert,javax.security.sasl,javax.sound.midi,javax.sound.midi.spi,javax.sound.sampled,javax.sound.sampled.spi,javax.sql,javax.sql.rowset,javax.sql.rowset.serial,javax.sql.rowset.spi,javax.swing,javax.swing.border,javax.swing.colorchooser,javax.swing.event,javax.swing.filechooser,javax.swing.plaf,javax.swing.plaf.basic,javax.swing.plaf.metal,javax.swing.plaf.multi,javax.swing.plaf.synth,javax.swing.table,javax.swing.text,javax.swing.text.html,javax.swing.text.html.parser,javax.swing.text.rtf,javax.swing.tree,javax.swing.undo,javax.tools,javax.transaction,javax.transaction.xa,javax.xml,javax.xml.bind,javax.xml.bind.annotation,javax.xml.bind.annotation.adapters,javax.xml.bind.attachment,javax.xml.bind.helpers,javax.xml.bind.util,javax.xml.crypto,javax.xml.crypto.dom,javax.xml.crypto.dsig,javax.xml.crypto.dsig.dom,javax.xml.crypto.dsig.keyinfo,javax.xml.crypto.dsig.spec,javax.xml.datatype,javax.xml.namespace,javax.xml.parsers,javax.xml.soap,javax.xml.stream,javax.xml.stream.events,javax.xml.stream.util,javax.xml.transform,javax.xml.transform.dom,javax.xml.transform.sax,javax.xml.transform.stax,javax.xml.transform.stream,javax.xml.validation,javax.xml.ws,javax.xml.ws.handler,javax.xml.ws.handler.soap,javax.xml.ws.http,javax.xml.ws.soap,javax.xml.ws.spi,javax.xml.ws.wsaddressing,javax.xml.xpath,org.ietf.jgss,org.omg.CORBA,org.omg.CORBA_2_3,org.omg.CORBA_2_3.portable,org.omg.CORBA.DynAnyPackage,org.omg.CORBA.ORBPackage,org.omg.CORBA.portable,org.omg.CORBA.TypeCodePackage,org.omg.CosNaming,org.omg.CosNaming.NamingContextExtPackage,org.omg.CosNaming.NamingContextPackage,org.omg.Dynamic,org.omg.DynamicAny,org.omg.DynamicAny.DynAnyFactoryPackage,org.omg.DynamicAny.DynAnyPackage,org.omg.IOP,org.omg.IOP.CodecFactoryPackage,org.omg.IOP.CodecPackage,org.omg.Messaging,org.omg.PortableInterceptor,org.omg.PortableInterceptor.ORBInitInfoPackage,org.omg.PortableServer,org.omg.PortableServer.CurrentPackage,org.omg.PortableServer.POAManagerPackage,org.omg.PortableServer.POAPackage,org.omg.PortableServer.portable,org.omg.PortableServer.ServantLocatorPackage,org.omg.SendingContext,org.omg.stub.java.rmi,org.w3c.dom,org.w3c.dom.bootstrap,org.w3c.dom.css,org.w3c.dom.events,org.w3c.dom.html,org.w3c.dom.ls,org.w3c.dom.ranges,org.w3c.dom.stylesheets,org.w3c.dom.traversal,org.w3c.dom.views,org.w3c.dom.xpath,org.xml.sax,org.xml.sax.ext,org.xml.sax.helpers" />
    <property name="sun.jnu.encoding" value="Cp1252" />
    <property name="sun.net.client.defaultConnectTimeout" value="15000" />
    <property name="java.runtime.name" value="Java(TM) SE Runtime Environment" />
    <property name="com.ibm.jcl.checkClassPath" value="" />
    <property name="ibm.system.encoding" value="Cp1252" />
    <property name="applicationXMI" value="org.eclipse.ui.workbench/LegacyIDE.e4xmi" />
    <property name="osgi.instance.area.default" value="file://mfil/proddfs/AppSense/Profiles/Users/richardm/workspace/" />
    <property name="eclipse.launcher.name" value="Eclipse" />
    <property name="eclipse.product" value="org.eclipse.epp.package.jee.product" />
    <property name="lib.dir" value="lib" />
    <property name="java.specification.name" value="Java Platform API Specification" />
    <property name="org.osgi.supports.framework.fragment" value="true" />
    <property name="user.timezone" value="" />
    <property name="org.osgi.framework.system.capabilities" value="osgi.ee; osgi.ee=&quot;OSGi/Minimum&quot;; version:List&lt;Version&gt;=&quot;1.0, 1.1, 1.2&quot;,osgi.ee; osgi.ee=&quot;JRE&quot;; version:List&lt;Version&gt;=&quot;1.0, 1.1&quot;,osgi.ee; osgi.ee=&quot;JavaSE&quot;; version:List&lt;Version&gt;=&quot;1.0, 1.1, 1.2, 1.3, 1.4, 1.5, 1.6&quot;" />
    <property name="osgi.nl" value="en_GB" />
    <property name="java.awt.fonts" value="" />
    <property name="path.separator" value=";" />
    <property name="com.ibm.oti.jcl.build" value="20090812_1137" />
    <property name="project.name" value="BinaryAddition" />
    <property name="file.encoding" value="Cp1252" />
    <property name="osgi.arch" value="x86" />
    <property name="ant.project.default-target" value="run" />
    <property name="com.ibm.oti.configuration" value="scar" />
    <property name="sun.java.command" value="org.apache.tools.ant.taskdefs.optional.junit.JUnitTestRunner my.coding.challenge.test.BinaryAdditionTest filtertrace=true haltOnError=false haltOnFailure=true formatter=org.apache.tools.ant.taskdefs.optional.junit.SummaryJUnitResultFormatter showoutput=false outputtoformatters=true logfailedtests=true logtestlistenerevents=false formatter=org.apache.tools.ant.taskdefs.optional.junit.PlainJUnitResultFormatter formatter=org.apache.tools.ant.taskdefs.optional.junit.XMLJUnitResultFormatter,C:\LocalFolder\My Documents\Eclipse workspace\BinaryAddition\TEST-my.coding.challenge.test.BinaryAdditionTest.xml crashfile=C:\LocalFolder\My Documents\Eclipse workspace\BinaryAddition\junitvmwatcher4861246818072686475.properties propsfile=C:\LocalFolder\My Documents\Eclipse workspace\BinaryAddition\junit4533666871706200294.properties" />
    <property name="https.nonProxyHosts" value="*.mfil.local|162.11.*.*|*.intranet|*.musiintradev|*.intranetuat|149.83.95.*|149.83.188.*|10.97.*|10.102.4.*|61.197.220.30|192.168.0.*|10.94.*|10.95.*|10.96.*|10.92.*|10.93.*|10.11.*|10.98.*|slv.sc.mufg.jp|lync*.sc.mufg.jp|autodiscover*.sc.mufg.jp|meet*.sc.mufg.jp|dialin.int.sc.mufg.jp|int.sc.mufg.jp|us.sc.mufg.jp|hk.sc.mufg.jp|spr.sc.mufg.jp|*.extranet.thomsonreuters.biz|*.cp.thomsonreuters.net|*.visual.force.com|*.salesforce.com|10.11.156.*|192.168.16.*|10.11.189.*|10.98.*|10.31.136.1|10.31.136.2|slg.sc.mufg.jp|&lt;local&gt;" />
    <property name="ant.file" value="C:\LocalFolder\My Documents\Eclipse workspace\BinaryAddition\build.xml" />
    <property name="org.osgi.supports.framework.requirebundle" value="true" />
    <property name="osgi.bundles.defaultStartLevel" value="4" />
    <property name="osgi.bundles" value="reference:file:org.eclipse.equinox.simpleconfigurator_1.0.400.v20130327-2119.jar@1:start" />
    <property name="java.io.tmpdir" value="C:\Users\richardm\AppData\Local\Temp\" />
    <property name="org.osgi.framework.os.name" value="WindowsVista" />
    <property name="equinox.use.ds" value="true" />
    <property name="user.language" value="en" />
    <property name="line.separator" value="&#xd;&#xa;" />
    <property name="org.osgi.framework.processor" value="x86" />
    <property name="jxe.lowest.romimage.version" value="14" />
    <property name="java.vm.info" value="J2RE 1.6.0 IBM J9 2.4 Windows Vista x86-32 jvmwi3260sr5ifx-20090821_41076 (JIT enabled, AOT enabled)&#xa;J9VM - 20090821_041076_lHdSMr&#xa;JIT  - r9_20090518_2017&#xa;GC   - 20090417_AA" />
    <property name="osgi.manifest.cache" value="\\mfil\proddfs\AppSense\Profiles\Users\richardm\.eclipse\org.eclipse.platform_4.3.0_1416090908_win32_win32_x86\configuration\org.eclipse.osgi\manifests" />
    <property name="osgi.splashLocation" value="C:\Program Files (x86)\Eclipse\\plugins\org.eclipse.platform_4.3.1.v20130911-1000\splash.bmp" />
    <property name="java.util.prefs.PreferencesFactory" value="java.util.prefs.WindowsPreferencesFactory" />
    <property name="java.vm.specification.name" value="Java Virtual Machine Specification" />
    <property name="eclipse.vm" value="C:\Program Files\IBM\WMBT700\jdk\bin\..\jre\bin\j9vm\jvm.dll" />
    <property name="http.nonProxyHosts" value="*.mfil.local|162.11.*.*|*.intranet|*.musiintradev|*.intranetuat|149.83.95.*|149.83.188.*|10.97.*|10.102.4.*|61.197.220.30|192.168.0.*|10.94.*|10.95.*|10.96.*|10.92.*|10.93.*|10.11.*|10.98.*|slv.sc.mufg.jp|lync*.sc.mufg.jp|autodiscover*.sc.mufg.jp|meet*.sc.mufg.jp|dialin.int.sc.mufg.jp|int.sc.mufg.jp|us.sc.mufg.jp|hk.sc.mufg.jp|spr.sc.mufg.jp|*.extranet.thomsonreuters.biz|*.cp.thomsonreuters.net|*.visual.force.com|*.salesforce.com|10.11.156.*|192.168.16.*|10.11.189.*|10.98.*|10.31.136.1|10.31.136.2|slg.sc.mufg.jp|&lt;local&gt;" />
    <property name="com.ibm.cpu.endian" value="little" />
    <property name="eclipse.pdebuild.templates" value="/C:/Program Files (x86)/Eclipse/plugins/org.eclipse.pde.build_3.8.100.v20130514-1028/templates/" />
    <property name="osgi.configuration.area" value="file://mfil/proddfs/AppSense/Profiles/Users/richardm/.eclipse/org.eclipse.platform_4.3.0_1416090908_win32_win32_x86/configuration/" />
    <property name="java.awt.printerjob" value="sun.awt.windows.WPrinterJob" />
    <property name="test.reports.dir" value="reports" />
    <property name="com.ibm.util.extralibs.properties" value="" />
    <property name="ant.version" value="Apache Ant(TM) version 1.8.4 compiled on May 22 2012" />
    <property name="https.proxySet" value="true" />
    <property name="osgi.ws" value="win32" />
    <property name="test.build.dir" value="build/test" />
    <property name="https.proxyPort" value="80" />
    <property name="org.osgi.supports.framework.extension" value="true" />
    <property name="eclipse.p2.data.area" value="@config.dir/../p2/" />
    <property name="osgi.framework.extensions" value="" />
    <property name="org.eclipse.jdt.debug.ui.debuggerActive" value="false" />
    <property name="gosh.args" value="--nointeractive" />
    <property name="org.osgi.framework.language" value="en" />
    <property name="os.name" value="Windows Vista" />
    <property name="eclipse.home.location" value="file:/C:/Program Files (x86)/Eclipse/" />
    <property name="java.specification.vendor" value="Sun Microsystems Inc." />
    <property name="eclipse.vmargs" value="-Dosgi.requiredJavaVersion=1.6&#xa;-Xms40m&#xa;-Xmx512m&#xa;-Dosgi.requiredJavaVersion=1.6&#xa;-Xms40m&#xa;-Xmx512m&#xa;-Djava.class.path=C:\Program Files (x86)\Eclipse\\plugins/org.eclipse.equinox.launcher_1.3.0.v20130327-1440.jar&#xa;" />
    <property name="jxe.current.romimage.version" value="14" />
    <property name="java.vm.name" value="IBM J9 VM" />
    <property name="eclipse.buildId" value="4.3.0.M20130911-1000" />
    <property name="java.library.path" value="C:\Program Files\IBM\WMBT700\jdk\jre\bin;.;C:/Program Files/IBM/WMBT700/jdk/bin/../jre/bin/j9vm;C:/Program Files/IBM/WMBT700/jdk/bin/../jre/bin;C:/Program Files/IBM/WMBT700/jdk/bin/../jre/lib/i386;C:\Sybase15.5x64\DataAccess64\ADONET\dll;C:\Sybase15.5x64\DataAccess\ADONET\dll;C:\Sybase15.5x64\DataAccess64\ODBC\dll;C:\Sybase15.5x64\DataAccess\ODBC\dll;C:\Sybase15.5x64\DataAccess64\OLEDB\dll;C:\Sybase15.5x64\DataAccess\OLEDB\dll;C:\Sybase15.5x64\OCS-15_0\lib3p64;C:\Sybase15.5x64\OCS-15_0\lib3p;C:\Sybase15.5x64\OCS-15_0\dll;C:\Sybase15.5x64\OCS-15_0\bin;c:\Oracle\Ora11g\bin;C:\windows\system32;C:\windows;C:\windows\System32\Wbem;C:\windows\System32\WindowsPowerShell\v1.0\;C:\windows\System32\WindowsPowerShell\v1.0\;C:\Program Files (x86)\Enterprise Vault\EVClient\;C:\Program Files (x86)\Stellent\IBPM\;C:\Program Files (x86)\Microsoft Application Virtualization Client;c:\MFILDLL;C:\Program Files\TortoiseSVN\bin;C:\windows\SysWOW64\;C:\windows;C:\windows\SysWOW64\Wbem;C:\windows\SysWOW64\WindowsPowerShell\v1.0;C:\Program Files (x86)\Microsoft SQL Server\90\Tools\binn;C:\Program Files (x86)\AdminStudio\11.5\Common;C:\Program Files (x86)\IBM\WebSphere MQ\bin64;C:\Program Files (x86)\IBM\WebSphere MQ\bin;C:\Program Files (x86)\IBM\WebSphere MQ\tools\c\samples\bin;C:\Program Files (x86)\WinMerge;C:\Program Files (x86)\Microsoft SQL Server\110\Tools\Binn\ManagementStudio\;C:\Program Files (x86)\Microsoft SQL Server\110\Tools\Binn\;C:\Program Files\Microsoft SQL Server\110\Tools\Binn\;C:\Program Files (x86)\Microsoft SQL Server\110\DTS\Binn\;C:\Program Files\Microsoft SQL Server\110\DTS\Binn\;C:\Program Files (x86)\Windows Kits\8.1\Windows Performance Toolkit\;C:\LocalFolder\cygwin64\bin;C:\LocalFolder\My Documents\Apps\psftp;C:\Program Files\TortoiseSVN\bin;C:\LocalFolder\My Documents\Downloads\apache-ant-1.9.2-bin\apache-ant-1.9.2\bin;C:\Program Files\IBM\WMBT700\jdk\bin;C:\Users\richardm\Downloads\apache-maven-3.2.5-bin\apache-maven-3.2.5\bin;&quot;C:\Program Files (x86)\IBM\WebSphere MQ\bin&quot;;C:\Windows\Microsoft.NET\Framework64\v4.0.30319;C:\Program Files (x86)\Microsoft Visual Studio 10.0\VC\bin;C:\Program Files (x86)\Eclipse;" />
    <property name="eclipse.pdebuild.scripts" value="/C:/Program Files (x86)/Eclipse/plugins/org.eclipse.pde.build_3.8.100.v20130514-1028/scripts/" />
    <property name="ant.java.version" value="1.6" />
    <property name="eclipse.commands" value="-os&#xa;win32&#xa;-ws&#xa;win32&#xa;-arch&#xa;x86&#xa;-showsplash&#xa;C:\Program Files (x86)\Eclipse\\plugins\org.eclipse.platform_4.3.1.v20130911-1000\splash.bmp&#xa;-launcher&#xa;C:\Program Files (x86)\Eclipse\eclipse.exe&#xa;-name&#xa;Eclipse&#xa;--launcher.library&#xa;C:\Program Files (x86)\Eclipse\\plugins/org.eclipse.equinox.launcher.win32.win32.x86_1.1.200.v20130807-1835\eclipse_1503.dll&#xa;-startup&#xa;C:\Program Files (x86)\Eclipse\\plugins/org.eclipse.equinox.launcher_1.3.0.v20130327-1440.jar&#xa;--launcher.appendVmargs&#xa;-product&#xa;org.eclipse.epp.package.jee.product&#xa;-data&#xa;C:\LocalFolder\My Documents\Eclipse workspace&#xa;-launcher&#xa;C:\Program Files (x86)\Eclipse\eclipse.exe&#xa;-product&#xa;org.eclipse.epp.package.jee.product&#xa;-vm&#xa;C:\Program Files\IBM\WMBT700\jdk\bin\..\jre\bin\j9vm\jvm.dll&#xa;" />
    <property name="basedir" value="C:\LocalFolder\My Documents\Eclipse workspace\BinaryAddition" />
    <property name="java.class.version" value="50.0" />
    <property name="osgi.syspath" value="c:\Program Files (x86)\Eclipse\plugins" />
    <property name="osgi.sharedConfiguration.area" value="file:/c:/Program Files (x86)/Eclipse/configuration/" />
    <property name="ant.home" value="C:\Program Files (x86)\Eclipse\plugins\org.apache.ant_1.8.4.v201303080030" />
    <property name="java.compiler" value="j9jit24" />
    <property name="org.eclipse.equinox.launcher.splash.location" value="C:\Program Files (x86)\Eclipse\\plugins\org.eclipse.platform_4.3.1.v20130911-1000\splash.bmp" />
    <property name="sun.net.client.defaultReadTimeout" value="1000" />
    <property name="console.encoding" value="Cp850" />
    <property name="osgi.instance.area" value="file:/C:/LocalFolder/My Documents/Eclipse workspace/" />
    <property name="osgi.install.area" value="file:/C:/Program Files (x86)/Eclipse/" />
    <property name="sun.boot.library.path" value="C:\Program Files\IBM\WMBT700\jdk\jre\bin" />
    <property name="org.eclipse.jdt.debug.ui.supportsForceReturn" value="false" />
    <property name="java.awt.graphicsenv" value="sun.awt.Win32GraphicsEnvironment" />
    <property name="user.variant" value="" />
    <property name="http.proxyPort" value="80" />
    <property name="https.proxyHost" value="web-proxy.mfil.local" />
    <property name="jar.dir" value="jar" />
    <property name="ant.project.name" value="BinaryAddition" />
    <property name="java.vm.specification.version" value="1.0" />
    <property name="ant.file.type.BinaryAddition" value="file" />
    <property name="eclipse.running" value="true" />
    <property name="org.eclipse.jdt.debug.ui.instanceof.IJavaStackFrame" value="false" />
    <property name="awt.toolkit" value="sun.awt.windows.WToolkit" />
    <property name="org.eclipse.update.reconcile" value="false" />
    <property name="java.ext.dirs" value="C:\Program Files\IBM\WMBT700\jdk\jre\lib\ext" />
    <property name="osgi.framework.version" value="3.9.1.v20130814-1242" />
    <property name="os.version" value="6.1 build 7601 Service Pack 1" />
    <property name="eclipse.launcher" value="C:\Program Files (x86)\Eclipse\eclipse.exe" />
    <property name="user.home" value="\\mfil\proddfs\AppSense\Profiles\Users\richardm" />
    <property name="java.vm.vendor" value="IBM Corporation" />
    <property name="org.apache.commons.logging.Log" value="org.apache.commons.logging.impl.NoOpLog" />
    <property name="user.dir" value="C:\Program Files (x86)\Eclipse" />
    <property name="org.osgi.framework.os.version" value="6.1.0" />
    <property name="osgi.framework.shape" value="jar" />
    <property name="eclipse.home" value="C:\Program Files (x86)\Eclipse" />
    <property name="main.build.dir" value="build/main" />
    <property name="com.ibm.vm.bitmode" value="32" />
    <property name="eclipse.startTime" value="1460368043973" />
    <property name="java.vm.version" value="2.4" />
    <property name="java.class.path" value="C:\LocalFolder\My Documents\Eclipse workspace\BinaryAddition\lib\hamcrest-core-1.3.jar;C:\LocalFolder\My Documents\Eclipse workspace\BinaryAddition\lib\junit-4.12.jar;C:\LocalFolder\My Documents\Eclipse workspace\BinaryAddition\jar\BinaryAddition.jar;C:\LocalFolder\My Documents\Eclipse workspace\BinaryAddition\build\test;C:\Program Files (x86)\IBM\WebSphere MQ\java\lib\com.ibm.mqjms.jar;C:\Program Files (x86)\IBM\WebSphere MQ\java\lib\com.ibm.mq.jar;C:\Program Files (x86)\Eclipse\plugins\org.apache.ant_1.8.4.v201303080030\lib\ant-launcher.jar;C:\Program Files (x86)\Eclipse\plugins\org.apache.ant_1.8.4.v201303080030\lib\ant.jar;C:\Program Files (x86)\Eclipse\plugins\org.apache.ant_1.8.4.v201303080030\lib\ant-junit.jar;C:\Program Files (x86)\Eclipse\plugins\org.apache.ant_1.8.4.v201303080030\lib\ant-junit4.jar" />
    <property name="ant.library.dir" value="C:\Program Files (x86)\Eclipse\plugins\org.apache.ant_1.8.4.v201303080030\lib" />
    <property name="os.arch" value="x86" />
    <property name="http.proxyHost" value="web-proxy.mfil.local" />
    <property name="eclipse.p2.profile" value="epp.package.jee" />
    <property name="ant.file.BinaryAddition" value="C:\LocalFolder\My Documents\Eclipse workspace\BinaryAddition\build.xml" />
    <property name="dist.dir" value="dist" />
    <property name="sun.java.launcher" value="SUN_STANDARD" />
    <property name="org.eclipse.m2e.log.dir" value="C:\LocalFolder\My Documents\Eclipse workspace\.metadata\.plugins\org.eclipse.m2e.logback.configuration" />
    <property name="org.osgi.framework.vendor" value="Eclipse" />
    <property name="osgi.tracefile" value="C:\LocalFolder\My Documents\Eclipse workspace\.metadata\trace.log" />
    <property name="ant.core.lib" value="C:\Program Files (x86)\Eclipse\plugins\org.apache.ant_1.8.4.v201303080030\lib\ant.jar" />
    <property name="java.vm.specification.vendor" value="Sun Microsystems Inc." />
    <property name="file.separator" value="\" />
    <property name="java.runtime.version" value="jvmwi3260sr5ifx-20090821_41076" />
    <property name="ibm.signalhandling.sigint" value="true" />
    <property name="sun.boot.class.path" value="C:\Program Files\IBM\WMBT700\jdk\jre\lib\vm.jar;C:\Program Files\IBM\WMBT700\jdk\jre\lib\annotation.jar;C:\Program Files\IBM\WMBT700\jdk\jre\lib\beans.jar;C:\Program Files\IBM\WMBT700\jdk\jre\lib\java.util.jar;C:\Program Files\IBM\WMBT700\jdk\jre\lib\jndi.jar;C:\Program Files\IBM\WMBT700\jdk\jre\lib\logging.jar;C:\Program Files\IBM\WMBT700\jdk\jre\lib\security.jar;C:\Program Files\IBM\WMBT700\jdk\jre\lib\sql.jar;C:\Program Files\IBM\WMBT700\jdk\jre\lib\ibmorb.jar;C:\Program Files\IBM\WMBT700\jdk\jre\lib\ibmorbapi.jar;C:\Program Files\IBM\WMBT700\jdk\jre\lib\ibmcfw.jar;C:\Program Files\IBM\WMBT700\jdk\jre\lib\rt.jar;C:\Program Files\IBM\WMBT700\jdk\jre\lib\charsets.jar;C:\Program Files\IBM\WMBT700\jdk\jre\lib\resources.jar;C:\Program Files\IBM\WMBT700\jdk\jre\lib\ibmpkcs.jar;C:\Program Files\IBM\WMBT700\jdk\jre\lib\ibmcertpathfw.jar;C:\Program Files\IBM\WMBT700\jdk\jre\lib\ibmjgssfw.jar;C:\Program Files\IBM\WMBT700\jdk\jre\lib\ibmjssefw.jar;C:\Program Files\IBM\WMBT700\jdk\jre\lib\ibmsaslfw.jar;C:\Program Files\IBM\WMBT700\jdk\jre\lib\ibmjcefw.jar;C:\Program Files\IBM\WMBT700\jdk\jre\lib\ibmjgssprovider.jar;C:\Program Files\IBM\WMBT700\jdk\jre\lib\ibmjsseprovider2.jar;C:\Program Files\IBM\WMBT700\jdk\jre\lib\ibmcertpathprovider.jar;C:\Program Files\IBM\WMBT700\jdk\jre\lib\ibmxmlcrypto.jar;C:\Program Files\IBM\WMBT700\jdk\jre\lib\management-agent.jar;C:\Program Files\IBM\WMBT700\jdk\jre\lib\xml.jar;C:\Program Files\IBM\WMBT700\jdk\jre\lib\jlm.jar;C:\Program Files\IBM\WMBT700\jdk\jre\lib\javascript.jar" />
    <property name="ibm.signalhandling.rs" value="false" />
    <property name="sun.java2d.fontpath" value="" />
    <property name="user.country" value="GB" />
    <property name="org.eclipse.jdt.debug.ui.supportsInstanceRetrieval" value="false" />
    <property name="osgi.logfile" value="C:\LocalFolder\My Documents\Eclipse workspace\.metadata\.log" />
    <property name="java.jcl.version" value="20090824_02" />
    <property name="com.ibm.zero.version" value="1" />
    <property name="com.ibm.oti.vm.bootstrap.library.path" value="C:\Program Files\IBM\WMBT700\jdk\jre\bin" />
    <property name="ibm.signalhandling.sigchain" value="true" />
    <property name="java.vendor" value="IBM Corporation" />
    <property name="java.specification.version" value="1.6" />
    <property name="main.src.dir" value="src/main/java" />
    <property name="sun.arch.data.model" value="32" />
  </properties>
  <testcase classname="my.coding.challenge.test.BinaryAdditionTest" name="testInvalidResult1" time="0.0" />
  <testcase classname="my.coding.challenge.test.BinaryAdditionTest" name="testValidInput1" time="0.0" />
  <testcase classname="my.coding.challenge.test.BinaryAdditionTest" name="testValidInput2" time="0.0" />
  <testcase classname="my.coding.challenge.test.BinaryAdditionTest" name="testValidInput3" time="0.0" />
  <testcase classname="my.coding.challenge.test.BinaryAdditionTest" name="testValidInput4" time="0.015" />
  <system-out><![CDATA[]]></system-out>
  <system-err><![CDATA[]]></system-err>
</testsuite>
